stripe/build/outputs/logs/manifest-merger-release-report.txt
-- Merging decision tree log ---
manifest
ADDED from OYOB_new\stripe\AndroidManifest.xml:2:1-30:12
INJECTED from OYOB_new\stripe\AndroidManifest.xml:2:1-30:12
INJECTED from OYOB_new\stripe\AndroidManifest.xml:2:1-30:12
INJECTED from OYOB_new\stripe\AndroidManifest.xml:2:1-30:12
INJECTED from OYOB_new\stripe\AndroidManifest.xml:2:1-30:12
INJECTED from OYOB_new\stripe\AndroidManifest.xml:2:1-30:12
INJECTED from OYOB_new\stripe\AndroidManifest.xml:2:1-30:12
	package
		ADDED from OYOB_new\stripe\AndroidManifest.xml:3:11-39
		INJECTED from OYOB_new\stripe\AndroidManifest.xml
		INJECTED from OYOB_new\stripe\AndroidManifest.xml
	android:versionName
		ADDED from OYOB_new\stripe\AndroidManifest.xml:5:11-38
		INJECTED from OYOB_new\stripe\AndroidManifest.xml
		INJECTED from OYOB_new\stripe\AndroidManifest.xml
	xmlns:android
		ADDED from OYOB_new\stripe\AndroidManifest.xml:2:11-69
	android:versionCode
		ADDED from OYOB_new\stripe\AndroidManifest.xml:4:11-35
		INJECTED from OYOB_new\stripe\AndroidManifest.xml
		INJECTED from OYOB_new\stripe\AndroidManifest.xml
application
ADDED from OYOB_new\stripe\AndroidManifest.xml:8:5-28:19
activity#com.stripe.android.view.AddSourceActivity
ADDED from OYOB_new\stripe\AndroidManifest.xml:9:9-15:20
	android:windowSoftInputMode
		ADDED from OYOB_new\stripe\AndroidManifest.xml:12:13-55
	android:theme
		ADDED from OYOB_new\stripe\AndroidManifest.xml:11:13-54
	android:name
		ADDED from OYOB_new\stripe\AndroidManifest.xml:10:13-51
activity#com.stripe.android.view.PaymentMethodsActivity
ADDED from OYOB_new\stripe\AndroidManifest.xml:17:9-21:20
	android:theme
		ADDED from OYOB_new\stripe\AndroidManifest.xml:19:13-54
	android:name
		ADDED from OYOB_new\stripe\AndroidManifest.xml:18:13-56
activity#com.stripe.android.view.PaymentFlowActivity
ADDED from OYOB_new\stripe\AndroidManifest.xml:23:9-27:20
	android:theme
		ADDED from OYOB_new\stripe\AndroidManifest.xml:25:13-54
	android:name
		ADDED from OYOB_new\stripe\AndroidManifest.xml:24:13-53
uses-sdk
INJECTED from OYOB_new\stripe\AndroidManifest.xml reason: use-sdk injection requested
INJECTED from OYOB_new\stripe\AndroidManifest.xml
INJECTED from OYOB_new\stripe\AndroidManifest.xml
INJECTED from OYOB_new\stripe\AndroidManifest.xml
INJECTED from OYOB_new\stripe\AndroidManifest.xml
	android:targetSdkVersion
		INJECTED from OYOB_new\stripe\AndroidManifest.xml
		ADDED from OYOB_new\stripe\AndroidManifest.xml
		INJECTED from OYOB_new\stripe\AndroidManifest.xml
	android:minSdkVersion
		INJECTED from OYOB_new\stripe\AndroidManifest.xml
		ADDED from OYOB_new\stripe\AndroidManifest.xml
		INJECTED from OYOB_new\stripe\AndroidManifest.xml